<?xml version="1.0" encoding="UTF-8"?>
<robot generated="20160826 18:23:55.867" generator="Robot 3.0 (Python 2.7.10 on win32)">
<suite source="C:\Users\gurpreetsingh\Desktop\myworkspace\robot-framework-xke\UI\Test\Form.robot" id="s1" name="Form">
<test id="s1-t1" name="websiteform">
<kw type="setup" name="Setup Website Url" library="common">
<kw name="Open Browser" library="Selenium2Library">
<doc>Opens a new browser instance to given URL.</doc>
<arguments>
<arg>${websiteurl}</arg>
<arg>chrome</arg>
</arguments>
<msg timestamp="20160826 18:23:56.024" level="INFO">Opening browser 'chrome' to base url 'http://gsbamrah.github.io'</msg>
<status status="PASS" endtime="20160826 18:24:22.027" starttime="20160826 18:23:56.024"></status>
</kw>
<kw name="Set Environment Variable" library="OperatingSystem">
<doc>Sets an environment variable to a specified value.</doc>
<arguments>
<arg>webdriver.chrome.driver</arg>
<arg>${BIN_DIR}/chromedriver.exe</arg>
</arguments>
<msg timestamp="20160826 18:24:22.031" level="INFO">Environment variable 'webdriver.chrome.driver' set to value '/chromedriver.exe'.</msg>
<status status="PASS" endtime="20160826 18:24:22.031" starttime="20160826 18:24:22.027"></status>
</kw>
<kw name="Log" library="BuiltIn">
<doc>Logs the given message with the given level.</doc>
<arguments>
<arg>${JENKINS_HOME}</arg>
</arguments>
<msg timestamp="20160826 18:24:22.035" level="INFO"></msg>
<status status="PASS" endtime="20160826 18:24:22.035" starttime="20160826 18:24:22.031"></status>
</kw>
<kw name="Log" library="BuiltIn">
<doc>Logs the given message with the given level.</doc>
<arguments>
<arg>${BIN_DIR}</arg>
</arguments>
<msg timestamp="20160826 18:24:22.035" level="INFO"></msg>
<status status="PASS" endtime="20160826 18:24:22.035" starttime="20160826 18:24:22.035"></status>
</kw>
<kw name="Maximize Browser Window" library="Selenium2Library">
<doc>Maximizes current browser window.</doc>
<kw name="Capture Page Screenshot" library="Selenium2Library">
<doc>Takes a screenshot of the current page and embeds it into the log.</doc>
<msg timestamp="20160826 18:24:42.125" level="FAIL">WebDriverException: Message: unknown error: cannot get automation extension
from unknown error: page could not be found: chrome-extension://aapnijgdinlhnhlmodcfapnahmbfebeb/_generated_background_page.html
  (Session info: chrome=52.0.2743.116)
  (Driver info: chromedriver=2.21.371459 (36d3d07f660ff2bc1bf28a75d1cdabed0983e7c4),platform=Windows NT 6.3 x86_64)
</msg>
<status status="FAIL" endtime="20160826 18:24:42.125" starttime="20160826 18:24:32.093"></status>
</kw>
<msg timestamp="20160826 18:24:42.125" level="WARN">Keyword 'Capture Page Screenshot' could not be run on failure: WebDriverException: Message: unknown error: cannot get automation extension
from unknown error: page could not be found: chrome-extension://aapnijgdinlhnhlmodcfapnahmbfebeb/_generated_background_page.html
  (Session info: chrome=52.0.2743.116)
  (Driver info: chromedriver=2.21.371459 (36d3d07f660ff2bc1bf28a75d1cdabed0983e7c4),platform=Windows NT 6.3 x86_64)
</msg>
<msg timestamp="20160826 18:24:42.140" level="FAIL">WebDriverException: Message: unknown error: cannot get automation extension
from unknown error: page could not be found: chrome-extension://aapnijgdinlhnhlmodcfapnahmbfebeb/_generated_background_page.html
  (Session info: chrome=52.0.2743.116)
  (Driver info: chromedriver=2.21.371459 (36d3d07f660ff2bc1bf28a75d1cdabed0983e7c4),platform=Windows NT 6.3 x86_64)
</msg>
<status status="FAIL" endtime="20160826 18:24:42.140" starttime="20160826 18:24:22.039"></status>
</kw>
<status status="FAIL" endtime="20160826 18:24:42.140" starttime="20160826 18:23:56.024"></status>
</kw>
<kw type="teardown" name="Teardown Website Url" library="common">
<kw name="Close Browser" library="Selenium2Library">
<doc>Closes the current browser.</doc>
<status status="PASS" endtime="20160826 18:24:43.437" starttime="20160826 18:24:42.140"></status>
</kw>
<status status="PASS" endtime="20160826 18:24:43.437" starttime="20160826 18:24:42.140"></status>
</kw>
<status status="FAIL" endtime="20160826 18:24:43.437" critical="yes" starttime="20160826 18:23:56.024">Setup failed:
WebDriverException: Message: unknown error: cannot get automation extension
from unknown error: page could not be found: chrome-extension://aapnijgdinlhnhlmodcfapnahmbfebeb/_generated_background_page.html
  (Session info: chrome=52.0.2743.116)
  (Driver info: chromedriver=2.21.371459 (36d3d07f660ff2bc1bf28a75d1cdabed0983e7c4),platform=Windows NT 6.3 x86_64)
</status>
</test>
<doc>This is basic form test</doc>
<status status="FAIL" endtime="20160826 18:24:43.437" starttime="20160826 18:23:55.883"></status>
</suite>
<statistics>
<total>
<stat fail="1" pass="0">Critical Tests</stat>
<stat fail="1" pass="0">All Tests</stat>
</total>
<tag>
</tag>
<suite>
<stat fail="1" id="s1" name="Form" pass="0">Form</stat>
</suite>
</statistics>
<errors>
<msg timestamp="20160826 18:24:42.125" level="WARN">Keyword 'Capture Page Screenshot' could not be run on failure: WebDriverException: Message: unknown error: cannot get automation extension
from unknown error: page could not be found: chrome-extension://aapnijgdinlhnhlmodcfapnahmbfebeb/_generated_background_page.html
  (Session info: chrome=52.0.2743.116)
  (Driver info: chromedriver=2.21.371459 (36d3d07f660ff2bc1bf28a75d1cdabed0983e7c4),platform=Windows NT 6.3 x86_64)
</msg>
</errors>
</robot>
